<?xml version="1.0" encoding="UTF-8"?>
<!-- Generated by org.testng.reporters.JUnitXMLReporter -->
<testsuite hostname="BLRKEC319133L" name="Puchase Camera in firefox Browser" tests="1" failures="0" timestamp="22 Jul 2020 07:51:37 GMT" time="0.079" errors="0">
  <testcase name="@BeforeTest browserSetup" time="0.0" classname="tests.PurchaseProduct">
    <failure type="java.lang.Exception">
      <![CDATA[java.lang.Exception
	at methodclass.flipkartappClass.launchBrowser(flipkartappClass.java:100)
	at tests.PurchaseProduct.browserSetup(PurchaseProduct.java:23)
... Removed 22 stack frames]]>
    </failure>
  </testcase> <!-- @BeforeTest browserSetup -->
  <testcase name="@AfterTest closedriver" time="0.0" classname="tests.PurchaseProduct">
    <skipped/>
  </testcase> <!-- @AfterTest closedriver -->
  <testcase name="buyProduct" time="0.002" classname="tests.PurchaseProduct">
    <skipped/>
  </testcase> <!-- buyProduct -->
</testsuite> <!-- Puchase Camera in firefox Browser -->
